<?xml version="1.0" encoding="UTF-8"?>
<!-- Generated by org.testng.reporters.JUnitReportReporter -->
<testsuite skipped="0" hostname="DESKTOP-9R0S7G0" name="com.salesforce.CreateTrialAccount" tests="1" failures="0" timestamp="2022-04-07T19:25:05 IST" time="9.075" errors="0">
  <testcase name="createTrialAccountTest" time="9.075" classname="com.salesforce.CreateTrialAccount"/>
  <system-out/>
</testsuite> <!-- com.salesforce.CreateTrialAccount -->
