<?xml version="1.0" encoding="UTF-8"?>
<!-- Generated by org.testng.reporters.JUnitReportReporter -->
<testsuite skipped="0" hostname="DESKTOP-9R0S7G0" name="com.salesforce.LoginTest" tests="1" failures="0" timestamp="2022-04-07T19:25:05 IST" time="21.071" errors="0">
  <testcase name="loginTest" time="21.071" classname="com.salesforce.LoginTest"/>
  <system-out/>
</testsuite> <!-- com.salesforce.LoginTest -->
